sending incremental file list
public/index.html
public/main.8239eecd.js
public/main.8239eecd.js.map
public/main.b4e1f839.css
public/main.b4e1f839.css.map
public/assets/audio/Aditi.mp3
public/assets/audio/Amy.mp3
public/assets/audio/Astrid.mp3
public/assets/audio/Bianca.mp3
public/assets/audio/Brian.mp3
public/assets/audio/Camila.mp3
public/assets/audio/Carla.mp3
public/assets/audio/Carmen.mp3
public/assets/audio/Celine.mp3
public/assets/audio/Chantal.mp3
public/assets/audio/Conchita.mp3
public/assets/audio/Cristiano.mp3
public/assets/audio/Dora.mp3
public/assets/audio/Emma.mp3
public/assets/audio/Enrique.mp3
public/assets/audio/Ewa.mp3
public/assets/audio/Filiz.mp3
public/assets/audio/Geraint.mp3
public/assets/audio/Giorgio.mp3
public/assets/audio/Gwyneth.mp3
public/assets/audio/Hans.mp3
public/assets/audio/Ines.mp3
public/assets/audio/Ivy.mp3
public/assets/audio/Jacek.mp3
public/assets/audio/Jan.mp3
public/assets/audio/Joanna.mp3
public/assets/audio/Joey.mp3
public/assets/audio/Justin.mp3
public/assets/audio/Karl.mp3
public/assets/audio/Kendra.mp3
public/assets/audio/Kimberly.mp3
public/assets/audio/Lea.mp3
public/assets/audio/Liv.mp3
public/assets/audio/Lotte.mp3
public/assets/audio/Lucia.mp3
public/assets/audio/Lupe.mp3
public/assets/audio/Mads.mp3
public/assets/audio/Maja.mp3
public/assets/audio/Marlene.mp3
public/assets/audio/Mathieu.mp3
public/assets/audio/Matthew.mp3
public/assets/audio/Maxim.mp3
public/assets/audio/Mia.mp3
public/assets/audio/Miguel.mp3
public/assets/audio/Mizuki.mp3
public/assets/audio/Naja.mp3
public/assets/audio/Nicole.mp3
public/assets/audio/Penelope.mp3
public/assets/audio/Raveena.mp3
public/assets/audio/Ricardo.mp3
public/assets/audio/Ruben.mp3
public/assets/audio/Russell.mp3
public/assets/audio/Salli.mp3
public/assets/audio/Seoyeon.mp3
public/assets/audio/Takumi.mp3
public/assets/audio/Tatyana.mp3
public/assets/audio/Vicki.mp3
public/assets/audio/Vitoria.mp3
public/assets/audio/Zeina.mp3
public/assets/audio/Zhiyu.mp3
public/assets/audio/ar-XA-Standard-A.mp3
public/assets/audio/ar-XA-Standard-B.mp3
public/assets/audio/ar-XA-Standard-C.mp3
public/assets/audio/ar-XA-Standard-D.mp3
public/assets/audio/ar-XA-Wavenet-A.mp3
public/assets/audio/ar-XA-Wavenet-B.mp3
public/assets/audio/ar-XA-Wavenet-C.mp3
public/assets/audio/cmn-CN-Standard-A.mp3
public/assets/audio/cmn-CN-Standard-B.mp3
public/assets/audio/cmn-CN-Standard-C.mp3
public/assets/audio/cmn-CN-Standard-D.mp3
public/assets/audio/cmn-CN-Wavenet-A.mp3
public/assets/audio/cmn-CN-Wavenet-B.mp3
public/assets/audio/cmn-CN-Wavenet-C.mp3
public/assets/audio/cmn-CN-Wavenet-D.mp3
public/assets/audio/cmn-TW-Standard-A-Alpha.mp3
public/assets/audio/cmn-TW-Standard-B-Alpha.mp3
public/assets/audio/cmn-TW-Standard-C-Alpha.mp3
public/assets/audio/cmn-TW-Wavenet-A-Alpha.mp3
public/assets/audio/cmn-TW-Wavenet-B-Alpha.mp3
public/assets/audio/cmn-TW-Wavenet-C-Alpha.mp3
public/assets/audio/cs-CZ-Standard-A.mp3
public/assets/audio/cs-CZ-Wavenet-A.mp3
public/assets/audio/da-DK-Standard-A.mp3
public/assets/audio/da-DK-Wavenet-A.mp3
public/assets/audio/de-DE-Standard-A.mp3
public/assets/audio/de-DE-Standard-B.mp3
public/assets/audio/de-DE-Standard-E.mp3
public/assets/audio/de-DE-Wavenet-A.mp3
public/assets/audio/de-DE-Wavenet-B.mp3
public/assets/audio/de-DE-Wavenet-C.mp3
public/assets/audio/de-DE-Wavenet-D.mp3
public/assets/audio/de-DE-Wavenet-E.mp3
public/assets/audio/el-GR-Standard-A.mp3
public/assets/audio/el-GR-Wavenet-A.mp3
public/assets/audio/en-AU-Standard-A.mp3
public/assets/audio/en-AU-Standard-B.mp3
public/assets/audio/en-AU-Standard-C.mp3
public/assets/audio/en-AU-Standard-D.mp3
public/assets/audio/en-AU-Wavenet-A.mp3
public/assets/audio/en-AU-Wavenet-B.mp3
public/assets/audio/en-AU-Wavenet-C.mp3
public/assets/audio/en-AU-Wavenet-D.mp3
public/assets/audio/en-GB-Standard-A.mp3
public/assets/audio/en-GB-Standard-B.mp3
public/assets/audio/en-GB-Standard-C.mp3
public/assets/audio/en-GB-Standard-D.mp3
public/assets/audio/en-GB-Wavenet-A.mp3
public/assets/audio/en-GB-Wavenet-B.mp3
public/assets/audio/en-GB-Wavenet-C.mp3
public/assets/audio/en-GB-Wavenet-D.mp3
public/assets/audio/en-IN-Standard-A.mp3
public/assets/audio/en-IN-Standard-B.mp3
public/assets/audio/en-IN-Standard-C.mp3
public/assets/audio/en-IN-Wavenet-A.mp3
public/assets/audio/en-IN-Wavenet-B.mp3
public/assets/audio/en-IN-Wavenet-C.mp3
public/assets/audio/en-US-Standard-B.mp3
public/assets/audio/en-US-Standard-C.mp3
public/assets/audio/en-US-Standard-D.mp3
public/assets/audio/en-US-Standard-E.mp3
public/assets/audio/en-US-Wavenet-A.mp3
public/assets/audio/en-US-Wavenet-B.mp3
public/assets/audio/en-US-Wavenet-C.mp3
public/assets/audio/en-US-Wavenet-D.mp3
public/assets/audio/en-US-Wavenet-E.mp3
public/assets/audio/en-US-Wavenet-F.mp3
public/assets/audio/es-ES-Standard-A.mp3
public/assets/audio/fi-FI-Standard-A.mp3
public/assets/audio/fi-FI-Wavenet-A.mp3
public/assets/audio/fil-PH-Standard-A.mp3
public/assets/audio/fil-PH-Wavenet-A.mp3
public/assets/audio/fr-CA-Standard-A.mp3
public/assets/audio/fr-CA-Standard-B.mp3
public/assets/audio/fr-CA-Standard-C.mp3
public/assets/audio/fr-CA-Standard-D.mp3
public/assets/audio/fr-CA-Wavenet-A.mp3
public/assets/audio/fr-CA-Wavenet-B.mp3
public/assets/audio/fr-CA-Wavenet-C.mp3
public/assets/audio/fr-CA-Wavenet-D.mp3
public/assets/audio/fr-FR-Standard-A.mp3
public/assets/audio/fr-FR-Standard-B.mp3
public/assets/audio/fr-FR-Standard-C.mp3
public/assets/audio/fr-FR-Standard-D.mp3
public/assets/audio/fr-FR-Standard-E.mp3
public/assets/audio/fr-FR-Wavenet-A.mp3
public/assets/audio/fr-FR-Wavenet-B.mp3
public/assets/audio/fr-FR-Wavenet-C.mp3
public/assets/audio/fr-FR-Wavenet-D.mp3
public/assets/audio/fr-FR-Wavenet-E.mp3
public/assets/audio/hi-IN-Standard-A.mp3
public/assets/audio/hi-IN-Standard-B.mp3
public/assets/audio/hi-IN-Standard-C.mp3
public/assets/audio/hi-IN-Wavenet-A.mp3
public/assets/audio/hi-IN-Wavenet-B.mp3
public/assets/audio/hi-IN-Wavenet-C.mp3
public/assets/audio/hu-HU-Standard-A.mp3
public/assets/audio/hu-HU-Wavenet-A.mp3
public/assets/audio/id-ID-Standard-A.mp3
public/assets/audio/id-ID-Standard-B.mp3
public/assets/audio/id-ID-Standard-C.mp3
public/assets/audio/id-ID-Wavenet-A.mp3
public/assets/audio/id-ID-Wavenet-B.mp3
public/assets/audio/id-ID-Wavenet-C.mp3
public/assets/audio/it-IT-Standard-A.mp3
public/assets/audio/it-IT-Standard-B.mp3
public/assets/audio/it-IT-Standard-C.mp3
public/assets/audio/it-IT-Standard-D.mp3
public/assets/audio/it-IT-Wavenet-A.mp3
public/assets/audio/it-IT-Wavenet-B.mp3
public/assets/audio/it-IT-Wavenet-C.mp3
public/assets/audio/it-IT-Wavenet-D.mp3
public/assets/audio/ja-JP-Standard-A.mp3
public/assets/audio/ja-JP-Standard-B.mp3
public/assets/audio/ja-JP-Standard-C.mp3
public/assets/audio/ja-JP-Standard-D.mp3
public/assets/audio/ja-JP-Wavenet-A.mp3
public/assets/audio/ja-JP-Wavenet-B.mp3
public/assets/audio/ja-JP-Wavenet-C.mp3
public/assets/audio/ja-JP-Wavenet-D.mp3
public/assets/audio/ko-KR-Standard-A.mp3
public/assets/audio/ko-KR-Standard-B.mp3
public/assets/audio/ko-KR-Standard-C.mp3
public/assets/audio/ko-KR-Standard-D.mp3
public/assets/audio/ko-KR-Wavenet-A.mp3
public/assets/audio/ko-KR-Wavenet-B.mp3
public/assets/audio/ko-KR-Wavenet-C.mp3
public/assets/audio/ko-KR-Wavenet-D.mp3
public/assets/audio/nb-NO-Standard-A.mp3
public/assets/audio/nb-NO-Standard-B.mp3
public/assets/audio/nb-NO-Standard-C.mp3
public/assets/audio/nb-NO-Standard-D.mp3
public/assets/audio/nb-NO-Wavenet-A.mp3
public/assets/audio/nb-NO-Wavenet-B.mp3
public/assets/audio/nb-NO-Wavenet-C.mp3
public/assets/audio/nb-NO-Wavenet-D.mp3
public/assets/audio/nb-no-Standard-E.mp3
public/assets/audio/nb-no-Wavenet-E.mp3
public/assets/audio/nl-NL-Standard-A.mp3
public/assets/audio/nl-NL-Standard-B.mp3
public/assets/audio/nl-NL-Standard-C.mp3
public/assets/audio/nl-NL-Standard-D.mp3
public/assets/audio/nl-NL-Standard-E.mp3
public/assets/audio/nl-NL-Wavenet-A.mp3
public/assets/audio/nl-NL-Wavenet-B.mp3
public/assets/audio/nl-NL-Wavenet-C.mp3
public/assets/audio/nl-NL-Wavenet-D.mp3
public/assets/audio/nl-NL-Wavenet-E.mp3
public/assets/audio/pl-PL-Standard-A.mp3
public/assets/audio/pl-PL-Standard-B.mp3
public/assets/audio/pl-PL-Standard-C.mp3
public/assets/audio/pl-PL-Standard-D.mp3
public/assets/audio/pl-PL-Standard-E.mp3
public/assets/audio/pl-PL-Wavenet-A.mp3
public/assets/audio/pl-PL-Wavenet-B.mp3
public/assets/audio/pl-PL-Wavenet-C.mp3
public/assets/audio/pl-PL-Wavenet-D.mp3
public/assets/audio/pl-PL-Wavenet-E.mp3
public/assets/audio/pt-BR-Standard-A.mp3
public/assets/audio/pt-BR-Wavenet-A.mp3
public/assets/audio/pt-PT-Standard-A.mp3
public/assets/audio/pt-PT-Standard-B.mp3
public/assets/audio/pt-PT-Standard-C.mp3
public/assets/audio/pt-PT-Standard-D.mp3
public/assets/audio/pt-PT-Wavenet-A.mp3
public/assets/audio/pt-PT-Wavenet-B.mp3
public/assets/audio/pt-PT-Wavenet-C.mp3
public/assets/audio/pt-PT-Wavenet-D.mp3
public/assets/audio/ru-RU-Standard-A.mp3
public/assets/audio/ru-RU-Standard-B.mp3
public/assets/audio/ru-RU-Standard-C.mp3
public/assets/audio/ru-RU-Standard-D.mp3
public/assets/audio/ru-RU-Standard-E.mp3
public/assets/audio/ru-RU-Wavenet-A.mp3
public/assets/audio/ru-RU-Wavenet-B.mp3
public/assets/audio/ru-RU-Wavenet-C.mp3
public/assets/audio/ru-RU-Wavenet-D.mp3
public/assets/audio/ru-RU-Wavenet-E.mp3
public/assets/audio/sk-SK-Standard-A.mp3
public/assets/audio/sk-SK-Wavenet-A.mp3
public/assets/audio/sv-SE-Standard-A.mp3
public/assets/audio/sv-SE-Wavenet-A.mp3
public/assets/audio/tr-TR-Standard-A.mp3
public/assets/audio/tr-TR-Standard-B.mp3
public/assets/audio/tr-TR-Standard-C.mp3
public/assets/audio/tr-TR-Standard-D.mp3
public/assets/audio/tr-TR-Standard-E.mp3
public/assets/audio/tr-TR-Wavenet-A.mp3
public/assets/audio/tr-TR-Wavenet-B.mp3
public/assets/audio/tr-TR-Wavenet-C.mp3
public/assets/audio/tr-TR-Wavenet-D.mp3
public/assets/audio/tr-TR-Wavenet-E.mp3
public/assets/audio/uk-UA-Standard-A.mp3
public/assets/audio/uk-UA-Wavenet-A.mp3
public/assets/audio/vi-VN-Standard-A.mp3
public/assets/audio/vi-VN-Standard-B.mp3
public/assets/audio/vi-VN-Standard-C.mp3
public/assets/audio/vi-VN-Standard-D.mp3
public/assets/audio/vi-VN-Wavenet-A.mp3
public/assets/audio/vi-VN-Wavenet-B.mp3
public/assets/audio/vi-VN-Wavenet-C.mp3
public/assets/audio/vi-VN-Wavenet-D.mp3
public/assets/img/face_200.png
public/assets/img/github.png
public/assets/img/patreon.png
public/assets/img/patreon_logo.svg

sent 12.36M bytes  received 14.27K bytes  1.30M bytes/sec
total size is 12.80M  speedup is 1.03

By: aaron
Tue, Jan 14, 2020 11:34:12 PM
Git Branch Deployed: master
