sending incremental file list
public/index.html
public/main.9b2d21ba.js
public/main.9b2d21ba.js.map
public/main.e46a5546.css
public/main.e46a5546.css.map
public/assets/
public/assets/audio/
public/assets/audio/Aditi.mp3
public/assets/audio/Amy.mp3
public/assets/audio/Astrid.mp3
public/assets/audio/Bianca.mp3
public/assets/audio/Brian.mp3
public/assets/audio/Carla.mp3
public/assets/audio/Carmen.mp3
public/assets/audio/Celine.mp3
public/assets/audio/Chantal.mp3
public/assets/audio/Conchita.mp3
public/assets/audio/Cristiano.mp3
public/assets/audio/Dora.mp3
public/assets/audio/Emma.mp3
public/assets/audio/Enrique.mp3
public/assets/audio/Ewa.mp3
public/assets/audio/Filiz.mp3
public/assets/audio/Geraint.mp3
public/assets/audio/Giorgio.mp3
public/assets/audio/Gwyneth.mp3
public/assets/audio/Hans.mp3
public/assets/audio/Ines.mp3
public/assets/audio/Ivy.mp3
public/assets/audio/Jacek.mp3
public/assets/audio/Jan.mp3
public/assets/audio/Joanna.mp3
public/assets/audio/Joey.mp3
public/assets/audio/Justin.mp3
public/assets/audio/Karl.mp3
public/assets/audio/Kendra.mp3
public/assets/audio/Kimberly.mp3
public/assets/audio/Liv.mp3
public/assets/audio/Lotte.mp3
public/assets/audio/Lucia.mp3
public/assets/audio/Mads.mp3
public/assets/audio/Maja.mp3
public/assets/audio/Marlene.mp3
public/assets/audio/Mathieu.mp3
public/assets/audio/Matthew.mp3
public/assets/audio/Maxim.mp3
public/assets/audio/Mia.mp3
public/assets/audio/Miguel.mp3
public/assets/audio/Mizuki.mp3
public/assets/audio/Naja.mp3
public/assets/audio/Nicole.mp3
public/assets/audio/Penelope.mp3
public/assets/audio/Raveena.mp3
public/assets/audio/Ricardo.mp3
public/assets/audio/Ruben.mp3
public/assets/audio/Russell.mp3
public/assets/audio/Salli.mp3
public/assets/audio/Seoyeon.mp3
public/assets/audio/Takumi.mp3
public/assets/audio/Tatyana.mp3
public/assets/audio/Vicki.mp3
public/assets/audio/Vitoria.mp3
public/assets/audio/Zeina.mp3
public/assets/audio/Zhiyu.mp3
public/assets/audio/ar-XA-Standard-A.ogg
public/assets/audio/ar-XA-Standard-B.ogg
public/assets/audio/ar-XA-Standard-C.ogg
public/assets/audio/ar-XA-Wavenet-A.ogg
public/assets/audio/ar-XA-Wavenet-B.ogg
public/assets/audio/ar-XA-Wavenet-C.ogg
public/assets/audio/cs-CZ-Standard-A.ogg
public/assets/audio/cs-CZ-Wavenet-A.ogg
public/assets/audio/da-DK-Standard-A.ogg
public/assets/audio/da-DK-Wavenet-A.ogg
public/assets/audio/de-AT-Michael.mp3
public/assets/audio/de-CH-Karsten.mp3
public/assets/audio/de-DE-KatjaNeural.mp3
public/assets/audio/de-DE-Standard-A.ogg
public/assets/audio/de-DE-Standard-B.ogg
public/assets/audio/de-DE-Wavenet-A.ogg
public/assets/audio/de-DE-Wavenet-B.ogg
public/assets/audio/de-DE-Wavenet-C.ogg
public/assets/audio/de-DE-Wavenet-D.ogg
public/assets/audio/el-GR-Standard-A.ogg
public/assets/audio/el-GR-Stefanos.mp3
public/assets/audio/el-GR-Wavenet-A.ogg
public/assets/audio/en-AU-HayleyRUS.mp3
public/assets/audio/en-AU-Standard-A.ogg
public/assets/audio/en-AU-Standard-B.ogg
public/assets/audio/en-AU-Standard-C.ogg
public/assets/audio/en-AU-Standard-D.ogg
public/assets/audio/en-AU-Wavenet-A.ogg
public/assets/audio/en-AU-Wavenet-B.ogg
public/assets/audio/en-AU-Wavenet-C.ogg
public/assets/audio/en-AU-Wavenet-D.ogg
public/assets/audio/en-GB-George-Apollo.mp3
public/assets/audio/en-GB-HazelRUS.mp3
public/assets/audio/en-GB-Standard-A.ogg
public/assets/audio/en-GB-Standard-B.ogg
public/assets/audio/en-GB-Standard-C.ogg
public/assets/audio/en-GB-Standard-D.ogg
public/assets/audio/en-GB-Susan-Apollo.mp3
public/assets/audio/en-GB-Wavenet-A.ogg
public/assets/audio/en-GB-Wavenet-B.ogg
public/assets/audio/en-GB-Wavenet-C.ogg
public/assets/audio/en-GB-Wavenet-D.ogg
public/assets/audio/en-IN-Ravi-Apollo.mp3
public/assets/audio/en-IN-Standard-A.ogg
public/assets/audio/en-IN-Standard-B.ogg
public/assets/audio/en-IN-Standard-C.ogg
public/assets/audio/en-IN-Wavenet-A.ogg
public/assets/audio/en-IN-Wavenet-B.ogg
public/assets/audio/en-IN-Wavenet-C.ogg
public/assets/audio/en-US-GuyNeural.mp3
public/assets/audio/en-US-Jessa24kRUS.mp3
public/assets/audio/en-US-JessaNeural.mp3
public/assets/audio/en-US-Standard-B.ogg
public/assets/audio/en-US-Standard-C.ogg
public/assets/audio/en-US-Standard-D.ogg
public/assets/audio/en-US-Standard-E.ogg
public/assets/audio/en-US-Wavenet-A.ogg
public/assets/audio/en-US-Wavenet-B.ogg
public/assets/audio/en-US-Wavenet-C.ogg
public/assets/audio/en-US-Wavenet-D.ogg
public/assets/audio/en-US-Wavenet-E.ogg
public/assets/audio/en-US-Wavenet-F.ogg
public/assets/audio/en-US-ZiraRUS.mp3
public/assets/audio/es-ES-HelenaNeural.mp3
public/assets/audio/es-ES-Laura-Apollo.mp3
public/assets/audio/es-ES-Pablo-Apollo.mp3
public/assets/audio/es-ES-Standard-A.ogg
public/assets/audio/es-MX-HildaNeural.mp3
public/assets/audio/fi-FI-HeidiRUS.mp3
public/assets/audio/fi-FI-Standard-A.ogg
public/assets/audio/fi-FI-Wavenet-A.ogg
public/assets/audio/fil-PH-Standard-A.ogg
public/assets/audio/fil-PH-Wavenet-A.ogg
public/assets/audio/fr-CA-Caroline.mp3
public/assets/audio/fr-CA-Standard-A.ogg
public/assets/audio/fr-CA-Standard-B.ogg
public/assets/audio/fr-CA-Standard-C.ogg
public/assets/audio/fr-CA-Standard-D.ogg
public/assets/audio/fr-CA-Wavenet-A.ogg
public/assets/audio/fr-CA-Wavenet-B.ogg
public/assets/audio/fr-CA-Wavenet-C.ogg
public/assets/audio/fr-CA-Wavenet-D.ogg
public/assets/audio/fr-CH-Guillaume.mp3
public/assets/audio/fr-FR-HortenseRUS.mp3
public/assets/audio/fr-FR-Standard-A.ogg
public/assets/audio/fr-FR-Standard-B.ogg
public/assets/audio/fr-FR-Standard-C.ogg
public/assets/audio/fr-FR-Standard-D.ogg
public/assets/audio/fr-FR-Wavenet-A.ogg
public/assets/audio/fr-FR-Wavenet-B.ogg
public/assets/audio/fr-FR-Wavenet-C.ogg
public/assets/audio/fr-FR-Wavenet-D.ogg
public/assets/audio/he-IL-Asaf.mp3
public/assets/audio/hi-IN-Standard-A.ogg
public/assets/audio/hi-IN-Standard-B.ogg
public/assets/audio/hi-IN-Standard-C.ogg
public/assets/audio/hi-IN-Wavenet-A.ogg
public/assets/audio/hi-IN-Wavenet-B.ogg
public/assets/audio/hi-IN-Wavenet-C.ogg
public/assets/audio/hu-HU-Standard-A.ogg
public/assets/audio/hu-HU-Wavenet-A.ogg
public/assets/audio/id-ID-Standard-A.ogg
public/assets/audio/id-ID-Standard-B.ogg
public/assets/audio/id-ID-Standard-C.ogg
public/assets/audio/id-ID-Wavenet-A.ogg
public/assets/audio/id-ID-Wavenet-B.ogg
public/assets/audio/id-ID-Wavenet-C.ogg
public/assets/audio/it-IT-ElsaNeural.mp3
public/assets/audio/it-IT-LuciaRUS.mp3
public/assets/audio/it-IT-Standard-A.ogg
public/assets/audio/it-IT-Wavenet-A.ogg
public/assets/audio/ja-JP-HarukaRUS.mp3
public/assets/audio/ja-JP-Standard-A.ogg
public/assets/audio/ja-JP-Standard-B.ogg
public/assets/audio/ja-JP-Standard-C.ogg
public/assets/audio/ja-JP-Standard-D.ogg
public/assets/audio/ja-JP-Wavenet-A.ogg
public/assets/audio/ja-JP-Wavenet-B.ogg
public/assets/audio/ja-JP-Wavenet-C.ogg
public/assets/audio/ja-JP-Wavenet-D.ogg
public/assets/audio/ko-KR-Standard-A.ogg
public/assets/audio/ko-KR-Standard-B.ogg
public/assets/audio/ko-KR-Standard-C.ogg
public/assets/audio/ko-KR-Standard-D.ogg
public/assets/audio/ko-KR-Wavenet-A.ogg
public/assets/audio/ko-KR-Wavenet-B.ogg
public/assets/audio/ko-KR-Wavenet-C.ogg
public/assets/audio/ko-KR-Wavenet-D.ogg
public/assets/audio/nb-NO-HuldaRUS.mp3
public/assets/audio/nb-NO-Standard-A.ogg
public/assets/audio/nb-NO-Standard-B.ogg
public/assets/audio/nb-NO-Standard-C.ogg
public/assets/audio/nb-NO-Standard-D.ogg
public/assets/audio/nb-NO-Wavenet-A.ogg
public/assets/audio/nb-NO-Wavenet-B.ogg
public/assets/audio/nb-NO-Wavenet-C.ogg
public/assets/audio/nb-NO-Wavenet-D.ogg
public/assets/audio/nb-no-Standard-E.ogg
public/assets/audio/nb-no-Wavenet-E.ogg
public/assets/audio/nl-NL-Standard-A.ogg
public/assets/audio/nl-NL-Standard-B.ogg
public/assets/audio/nl-NL-Standard-C.ogg
public/assets/audio/nl-NL-Standard-D.ogg
public/assets/audio/nl-NL-Standard-E.ogg
public/assets/audio/nl-NL-Wavenet-A.ogg
public/assets/audio/nl-NL-Wavenet-B.ogg
public/assets/audio/nl-NL-Wavenet-C.ogg
public/assets/audio/nl-NL-Wavenet-D.ogg
public/assets/audio/nl-NL-Wavenet-E.ogg
public/assets/audio/pl-PL-PaulinaRUS.mp3
public/assets/audio/pl-PL-Standard-A.ogg
public/assets/audio/pl-PL-Standard-B.ogg
public/assets/audio/pl-PL-Standard-C.ogg
public/assets/audio/pl-PL-Standard-D.ogg
public/assets/audio/pl-PL-Standard-E.ogg
public/assets/audio/pl-PL-Wavenet-A.ogg
public/assets/audio/pl-PL-Wavenet-B.ogg
public/assets/audio/pl-PL-Wavenet-C.ogg
public/assets/audio/pl-PL-Wavenet-D.ogg
public/assets/audio/pl-PL-Wavenet-E.ogg
public/assets/audio/pt-BR-Daniel-Apollo.mp3
public/assets/audio/pt-BR-HeloisaNeural.mp3
public/assets/audio/pt-BR-HeloisaRUS.mp3
public/assets/audio/pt-BR-Standard-A.ogg
public/assets/audio/pt-BR-Wavenet-A.ogg
public/assets/audio/pt-PT-HeliaRUS.mp3
public/assets/audio/pt-PT-Standard-A.ogg
public/assets/audio/pt-PT-Standard-B.ogg
public/assets/audio/pt-PT-Standard-C.ogg
public/assets/audio/pt-PT-Standard-D.ogg
public/assets/audio/pt-PT-Wavenet-A.ogg
public/assets/audio/pt-PT-Wavenet-B.ogg
public/assets/audio/pt-PT-Wavenet-C.ogg
public/assets/audio/pt-PT-Wavenet-D.ogg
public/assets/audio/ru-RU-Pavel-Apollo.mp3
public/assets/audio/ru-RU-Standard-A.ogg
public/assets/audio/ru-RU-Standard-B.ogg
public/assets/audio/ru-RU-Standard-C.ogg
public/assets/audio/ru-RU-Standard-D.ogg
public/assets/audio/ru-RU-Wavenet-A.ogg
public/assets/audio/ru-RU-Wavenet-B.ogg
public/assets/audio/ru-RU-Wavenet-C.ogg
public/assets/audio/ru-RU-Wavenet-D.ogg
public/assets/audio/sk-SK-Standard-A.ogg
public/assets/audio/sk-SK-Wavenet-A.ogg
public/assets/audio/sl-SI-Lado.mp3
public/assets/audio/sv-SE-HedvigRUS.mp3
public/assets/audio/sv-SE-Standard-A.ogg
public/assets/audio/sv-SE-Wavenet-A.ogg
public/assets/audio/ta-IN-Valluvar.mp3
public/assets/audio/te-IN-Chitra.mp3
public/assets/audio/th-TH-Pattara.mp3
public/assets/audio/tr-TR-SedaRUS.mp3
public/assets/audio/tr-TR-Standard-A.ogg
public/assets/audio/tr-TR-Standard-B.ogg
public/assets/audio/tr-TR-Standard-C.ogg
public/assets/audio/tr-TR-Standard-D.ogg
public/assets/audio/tr-TR-Standard-E.ogg
public/assets/audio/tr-TR-Wavenet-A.ogg
public/assets/audio/tr-TR-Wavenet-B.ogg
public/assets/audio/tr-TR-Wavenet-C.ogg
public/assets/audio/tr-TR-Wavenet-D.ogg
public/assets/audio/tr-TR-Wavenet-E.ogg
public/assets/audio/uk-UA-Standard-A.ogg
public/assets/audio/uk-UA-Wavenet-A.ogg
public/assets/audio/vi-VN-Standard-A.ogg
public/assets/audio/vi-VN-Standard-B.ogg
public/assets/audio/vi-VN-Standard-C.ogg
public/assets/audio/vi-VN-Standard-D.ogg
public/assets/audio/vi-VN-Wavenet-A.ogg
public/assets/audio/vi-VN-Wavenet-B.ogg
public/assets/audio/vi-VN-Wavenet-C.ogg
public/assets/audio/vi-VN-Wavenet-D.ogg
public/assets/audio/zh-CN-HuihuiRUS.mp3
public/assets/audio/zh-CN-XiaoxiaoNeural.mp3
public/assets/audio/zh-CN-Yaoyao-Apollo.mp3
public/assets/audio/zh-TW-Zhiwei-Apollo.mp3
public/assets/img/
public/assets/img/face_200.png
public/assets/img/github.png
public/assets/img/patreon.png
public/assets/img/patreon_logo.svg

sent 4.74M bytes  received 6.70K bytes  558.28K bytes/sec
total size is 4.72M  speedup is 0.99

By: aaron
Sat, Jan 11, 2020 12:20:13 AM
Git Branch Deployed: 
